\BOOKMARK [1][-]{section*.2}{Article I - Organization Name}{}% 1
\BOOKMARK [1][-]{section*.4}{Article II - Purpose}{}% 2
\BOOKMARK [1][-]{section*.6}{Article III - Members and Membership}{}% 3
\BOOKMARK [2][-]{subsection.0.1}{Eligibility}{section*.6}% 4
\BOOKMARK [2][-]{subsection.0.2}{Member Classes}{section*.6}% 5
\BOOKMARK [2][-]{subsection.0.3}{Member Dues}{section*.6}% 6
\BOOKMARK [2][-]{subsection.0.4}{Member Requirements}{section*.6}% 7
\BOOKMARK [2][-]{subsection.0.5}{Disciplinary Action}{section*.6}% 8
\BOOKMARK [2][-]{subsection.0.6}{Resignation}{section*.6}% 9
\BOOKMARK [1][-]{section*.19}{Article IV - Officers}{}% 10
\BOOKMARK [2][-]{subsection.0.1}{The Officers}{section*.19}% 11
\BOOKMARK [2][-]{subsection.0.2}{Nominations and Elections}{section*.19}% 12
\BOOKMARK [3][-]{subsubsection.0.2.1}{Election Timeline}{subsection.0.2}% 13
\BOOKMARK [3][-]{subsubsection.0.2.2}{Applications}{subsection.0.2}% 14
\BOOKMARK [3][-]{subsubsection.0.2.3}{Election and Votes}{subsection.0.2}% 15
\BOOKMARK [3][-]{subsubsection.0.2.4}{A Tie Vote Between Two Candidates}{subsection.0.2}% 16
\BOOKMARK [3][-]{subsubsection.0.2.5}{A Tie Vote Between Three or Four Candidates}{subsection.0.2}% 17
\BOOKMARK [3][-]{subsubsection.0.2.6}{Ties between Five or More Candidates}{subsection.0.2}% 18
\BOOKMARK [2][-]{subsection.0.3}{The Office of the President}{section*.19}% 19
\BOOKMARK [3][-]{subsubsection.0.3.1}{Purpose and Duties}{subsection.0.3}% 20
\BOOKMARK [3][-]{subsubsection.0.3.2}{Eligibility}{subsection.0.3}% 21
\BOOKMARK [2][-]{subsection.0.4}{The Office of the Vice President}{section*.19}% 22
\BOOKMARK [3][-]{subsubsection.0.4.1}{Purpose and Duties}{subsection.0.4}% 23
\BOOKMARK [3][-]{subsubsection.0.4.2}{Eligibility}{subsection.0.4}% 24
\BOOKMARK [2][-]{subsection.0.5}{The Office of the Secretary}{section*.19}% 25
\BOOKMARK [3][-]{subsubsection.0.5.1}{Purpose and Duties}{subsection.0.5}% 26
\BOOKMARK [3][-]{subsubsection.0.5.2}{Eligibility}{subsection.0.5}% 27
\BOOKMARK [2][-]{subsection.0.6}{The Office of the Treasurer}{section*.19}% 28
\BOOKMARK [3][-]{subsubsection.0.6.1}{Purpose and Duties}{subsection.0.6}% 29
\BOOKMARK [3][-]{subsubsection.0.6.2}{Eligibility}{subsection.0.6}% 30
\BOOKMARK [2][-]{subsection.0.7}{The Office of the Director}{section*.19}% 31
\BOOKMARK [3][-]{subsubsection.0.7.1}{Purpose and Duties}{subsection.0.7}% 32
\BOOKMARK [3][-]{subsubsection.0.7.2}{Eligibility}{subsection.0.7}% 33
\BOOKMARK [2][-]{subsection.0.8}{The Office of the Representative}{section*.19}% 34
\BOOKMARK [3][-]{subsubsection.0.8.1}{Purpose and Duties}{subsection.0.8}% 35
\BOOKMARK [3][-]{subsubsection.0.8.2}{Eligibility}{subsection.0.8}% 36
\BOOKMARK [1][-]{section*.43}{Article V - Advisors}{}% 37
\BOOKMARK [1][-]{section*.45}{Article VI - Meetings}{}% 38
\BOOKMARK [2][-]{subsection.0.1}{Twice Yearly Member Meetings}{section*.45}% 39
\BOOKMARK [2][-]{subsection.0.2}{Executive Meetings}{section*.45}% 40
\BOOKMARK [2][-]{subsection.0.3}{Other Meetings}{section*.45}% 41
\BOOKMARK [1][-]{section*.50}{Article VII - Removal From Office/Revoking Membership }{}% 42
\BOOKMARK [1][-]{section*.52}{Article VIII - Amendments}{}% 43
\BOOKMARK [1][-]{section*.54}{Article IX - Parliamentary Authority }{}% 44
