\BOOKMARK [1][-]{section*.2}{Article I - Organization Name}{}% 1
\BOOKMARK [1][-]{section*.4}{Article II - Purpose}{}% 2
\BOOKMARK [1][-]{section*.6}{Article III - Members and Membership}{}% 3
\BOOKMARK [2][-]{subsection.0.1}{Eligibility}{section*.6}% 4
\BOOKMARK [2][-]{subsection.0.2}{Member Classes}{section*.6}% 5
\BOOKMARK [2][-]{subsection.0.3}{Member Dues}{section*.6}% 6
\BOOKMARK [2][-]{subsection.0.4}{Member Requirements}{section*.6}% 7
\BOOKMARK [2][-]{subsection.0.5}{Disciplinary Action}{section*.6}% 8
\BOOKMARK [2][-]{subsection.0.6}{Resignation}{section*.6}% 9
\BOOKMARK [1][-]{section*.22}{Article IV - Officers}{}% 10
\BOOKMARK [2][-]{subsection.0.1}{The Officers}{section*.22}% 11
\BOOKMARK [2][-]{subsection.0.2}{Nominations and Elections}{section*.22}% 12
\BOOKMARK [3][-]{subsubsection.0.2.1}{Election Timeline}{subsection.0.2}% 13
\BOOKMARK [3][-]{subsubsection.0.2.2}{Applications}{subsection.0.2}% 14
\BOOKMARK [3][-]{subsubsection.0.2.3}{Election and Votes}{subsection.0.2}% 15
\BOOKMARK [3][-]{subsubsection.0.2.4}{A Tie Vote Between Two Candidates}{subsection.0.2}% 16
\BOOKMARK [3][-]{subsubsection.0.2.5}{A Tie Vote Between Three or Four Candidates}{subsection.0.2}% 17
\BOOKMARK [3][-]{subsubsection.0.2.6}{Ties between Five or More Candidates}{subsection.0.2}% 18
\BOOKMARK [2][-]{subsection.0.3}{The Office of the President}{section*.22}% 19
\BOOKMARK [3][-]{subsubsection.0.3.1}{Purpose and Duties}{subsection.0.3}% 20
\BOOKMARK [3][-]{subsubsection.0.3.2}{Eligibility}{subsection.0.3}% 21
\BOOKMARK [2][-]{subsection.0.4}{The Office of the Vice President}{section*.22}% 22
\BOOKMARK [3][-]{subsubsection.0.4.1}{Purpose and Duties}{subsection.0.4}% 23
\BOOKMARK [3][-]{subsubsection.0.4.2}{Eligibility}{subsection.0.4}% 24
\BOOKMARK [2][-]{subsection.0.5}{The Office of the Secretary}{section*.22}% 25
\BOOKMARK [3][-]{subsubsection.0.5.1}{Purpose and Duties}{subsection.0.5}% 26
\BOOKMARK [3][-]{subsubsection.0.5.2}{Eligibility}{subsection.0.5}% 27
\BOOKMARK [2][-]{subsection.0.6}{The Office of the Treasurer}{section*.22}% 28
\BOOKMARK [3][-]{subsubsection.0.6.1}{Purpose and Duties}{subsection.0.6}% 29
\BOOKMARK [3][-]{subsubsection.0.6.2}{Eligibility}{subsection.0.6}% 30
\BOOKMARK [2][-]{subsection.0.7}{The Office of the Director of Operations}{section*.22}% 31
\BOOKMARK [3][-]{subsubsection.0.7.1}{Purpose and Duties}{subsection.0.7}% 32
\BOOKMARK [3][-]{subsubsection.0.7.2}{Eligibility}{subsection.0.7}% 33
\BOOKMARK [2][-]{subsection.0.8}{The Office of the Representative}{section*.22}% 34
\BOOKMARK [3][-]{subsubsection.0.8.1}{Purpose and Duties}{subsection.0.8}% 35
\BOOKMARK [3][-]{subsubsection.0.8.2}{Eligibility}{subsection.0.8}% 36
\BOOKMARK [2][-]{subsection.0.9}{Vacancies}{section*.22}% 37
\BOOKMARK [2][-]{subsection.0.10}{Removal From Office}{section*.22}% 38
\BOOKMARK [1][-]{section*.48}{Article V - Advisers}{}% 39
\BOOKMARK [1][-]{section*.50}{Article VI - Meetings}{}% 40
\BOOKMARK [2][-]{subsection.0.1}{Member Meetings}{section*.50}% 41
\BOOKMARK [2][-]{subsection.0.2}{Executive Meetings}{section*.50}% 42
\BOOKMARK [2][-]{subsection.0.3}{Disciplinary Meetings}{section*.50}% 43
\BOOKMARK [2][-]{subsection.0.4}{Other Meetings}{section*.50}% 44
\BOOKMARK [1][-]{section*.57}{Article VII - Quorums}{}% 45
\BOOKMARK [2][-]{subsection.0.1}{Member Meetings}{section*.57}% 46
\BOOKMARK [2][-]{subsection.0.2}{Amendment Votes}{section*.57}% 47
\BOOKMARK [1][-]{section*.61}{Article VIII - Amendments}{}% 48
\BOOKMARK [1][-]{section*.66}{Article IX - Parliamentary Authority }{}% 49
