This is pdfTeX, Version 3.1415926-2.5-1.40.14 (TeX Live 2013) (format=pdflatex 2016.9.13)  3 MAY 2017 20:29
entering extended mode
 restricted \write18 enabled.
 %&-line parsing enabled.
**ConstitutionFinal.tex
(./ConstitutionFinal.tex
LaTeX2e <2011/06/27>
Babel <v3.8m> and hyphenation patterns for english, dumylang, nohyphenation, lo
aded.
(/usr/share/texlive/texmf-dist/tex/latex/base/article.cls
Document Class: article 2007/10/19 v1.4h Standard LaTeX document class
(/usr/share/texlive/texmf-dist/tex/latex/base/size12.clo
File: size12.clo 2007/10/19 v1.4h Standard LaTeX file (size option)
)
\c@part=\count79
\c@section=\count80
\c@subsection=\count81
\c@subsubsection=\count82
\c@paragraph=\count83
\c@subparagraph=\count84
\c@figure=\count85
\c@table=\count86
\abovecaptionskip=\skip41
\belowcaptionskip=\skip42
\bibindent=\dimen102
)
(/usr/share/texlive/texmf-dist/tex/latex/hyperref/hyperref.sty
Package: hyperref 2012/11/06 v6.83m Hypertext links for LaTeX

(/usr/share/texlive/texmf-dist/tex/generic/oberdiek/hobsub-hyperref.sty
Package: hobsub-hyperref 2012/05/28 v1.13 Bundle oberdiek, subset hyperref (HO)


(/usr/share/texlive/texmf-dist/tex/generic/oberdiek/hobsub-generic.sty
Package: hobsub-generic 2012/05/28 v1.13 Bundle oberdiek, subset generic (HO)
Package: hobsub 2012/05/28 v1.13 Construct package bundles (HO)
Package: infwarerr 2010/04/08 v1.3 Providing info/warning/error messages (HO)
Package: ltxcmds 2011/11/09 v1.22 LaTeX kernel commands for general use (HO)
Package: ifluatex 2010/03/01 v1.3 Provides the ifluatex switch (HO)
Package ifluatex Info: LuaTeX not detected.
Package: ifvtex 2010/03/01 v1.5 Detect VTeX and its facilities (HO)
Package ifvtex Info: VTeX not detected.
Package: intcalc 2007/09/27 v1.1 Expandable calculations with integers (HO)
Package: ifpdf 2011/01/30 v2.3 Provides the ifpdf switch (HO)
Package ifpdf Info: pdfTeX in PDF mode is detected.
Package: etexcmds 2011/02/16 v1.5 Avoid name clashes with e-TeX commands (HO)
Package etexcmds Info: Could not find \expanded.
(etexcmds)             That can mean that you are not using pdfTeX 1.50 or
(etexcmds)             that some package has redefined \expanded.
(etexcmds)             In the latter case, load this package earlier.
Package: kvsetkeys 2012/04/25 v1.16 Key value parser (HO)
Package: kvdefinekeys 2011/04/07 v1.3 Define keys (HO)
Package: pdftexcmds 2011/11/29 v0.20 Utility functions of pdfTeX for LuaTeX (HO
)
Package pdftexcmds Info: LuaTeX not detected.
Package pdftexcmds Info: \pdf@primitive is available.
Package pdftexcmds Info: \pdf@ifprimitive is available.
Package pdftexcmds Info: \pdfdraftmode found.
Package: pdfescape 2011/11/25 v1.13 Implements pdfTeX's escape features (HO)
Package: bigintcalc 2012/04/08 v1.3 Expandable calculations on big integers (HO
)
Package: bitset 2011/01/30 v1.1 Handle bit-vector datatype (HO)
Package: uniquecounter 2011/01/30 v1.2 Provide unlimited unique counter (HO)
)
Package hobsub Info: Skipping package `hobsub' (already loaded).
Package: letltxmacro 2010/09/02 v1.4 Let assignment for LaTeX macros (HO)
Package: hopatch 2012/05/28 v1.2 Wrapper for package hooks (HO)
Package: xcolor-patch 2011/01/30 xcolor patch
Package: atveryend 2011/06/30 v1.8 Hooks at the very end of document (HO)
Package atveryend Info: \enddocument detected (standard20110627).
Package: atbegshi 2011/10/05 v1.16 At begin shipout hook (HO)
Package: refcount 2011/10/16 v3.4 Data extraction from label references (HO)
Package: hycolor 2011/01/30 v1.7 Color options for hyperref/bookmark (HO)
)
(/usr/share/texlive/texmf-dist/tex/latex/graphics/keyval.sty
Package: keyval 1999/03/16 v1.13 key=value parser (DPC)
\KV@toks@=\toks14
)
(/usr/share/texlive/texmf-dist/tex/generic/ifxetex/ifxetex.sty
Package: ifxetex 2010/09/12 v0.6 Provides ifxetex conditional
)
(/usr/share/texlive/texmf-dist/tex/latex/oberdiek/auxhook.sty
Package: auxhook 2011/03/04 v1.3 Hooks for auxiliary files (HO)
)
(/usr/share/texlive/texmf-dist/tex/latex/oberdiek/kvoptions.sty
Package: kvoptions 2011/06/30 v3.11 Key value format for package options (HO)
)
\@linkdim=\dimen103
\Hy@linkcounter=\count87
\Hy@pagecounter=\count88

(/usr/share/texlive/texmf-dist/tex/latex/hyperref/pd1enc.def
File: pd1enc.def 2012/11/06 v6.83m Hyperref: PDFDocEncoding definition (HO)
)
\Hy@SavedSpaceFactor=\count89

(/usr/share/texlive/texmf-dist/tex/latex/latexconfig/hyperref.cfg
File: hyperref.cfg 2002/06/06 v1.2 hyperref configuration of TeXLive
)
Package hyperref Info: Hyper figures OFF on input line 4443.
Package hyperref Info: Link nesting OFF on input line 4448.
Package hyperref Info: Hyper index ON on input line 4451.
Package hyperref Info: Plain pages OFF on input line 4458.
Package hyperref Info: Backreferencing OFF on input line 4463.
Package hyperref Info: Implicit mode ON; LaTeX internals redefined.
Package hyperref Info: Bookmarks ON on input line 4688.
\c@Hy@tempcnt=\count90

(/usr/share/texlive/texmf-dist/tex/latex/url/url.sty
\Urlmuskip=\muskip10
Package: url 2006/04/12  ver 3.3  Verb mode for urls, etc.
)
LaTeX Info: Redefining \url on input line 5041.
\XeTeXLinkMargin=\dimen104
\Fld@menulength=\count91
\Field@Width=\dimen105
\Fld@charsize=\dimen106
Package hyperref Info: Hyper figures OFF on input line 6295.
Package hyperref Info: Link nesting OFF on input line 6300.
Package hyperref Info: Hyper index ON on input line 6303.
Package hyperref Info: backreferencing OFF on input line 6310.
Package hyperref Info: Link coloring OFF on input line 6315.
Package hyperref Info: Link coloring with OCG OFF on input line 6320.
Package hyperref Info: PDF/A mode OFF on input line 6325.
LaTeX Info: Redefining \ref on input line 6365.
LaTeX Info: Redefining \pageref on input line 6369.
\Hy@abspage=\count92
\c@Item=\count93
\c@Hfootnote=\count94
)

Package hyperref Message: Driver (autodetected): hpdftex.

(/usr/share/texlive/texmf-dist/tex/latex/hyperref/hpdftex.def
File: hpdftex.def 2012/11/06 v6.83m Hyperref driver for pdfTeX
\Fld@listcount=\count95
\c@bookmark@seq@number=\count96

(/usr/share/texlive/texmf-dist/tex/latex/oberdiek/rerunfilecheck.sty
Package: rerunfilecheck 2011/04/15 v1.7 Rerun checks for auxiliary files (HO)
Package uniquecounter Info: New unique counter `rerunfilecheck' on input line 2
82.
)
\Hy@SectionHShift=\skip43
)
(./ConstitutionFinal.aux)
\openout1 = `ConstitutionFinal.aux'.

LaTeX Font Info:    Checking defaults for OML/cmm/m/it on input line 34.
LaTeX Font Info:    ... okay on input line 34.
LaTeX Font Info:    Checking defaults for T1/cmr/m/n on input line 34.
LaTeX Font Info:    ... okay on input line 34.
LaTeX Font Info:    Checking defaults for OT1/cmr/m/n on input line 34.
LaTeX Font Info:    ... okay on input line 34.
LaTeX Font Info:    Checking defaults for OMS/cmsy/m/n on input line 34.
LaTeX Font Info:    ... okay on input line 34.
LaTeX Font Info:    Checking defaults for OMX/cmex/m/n on input line 34.
LaTeX Font Info:    ... okay on input line 34.
LaTeX Font Info:    Checking defaults for U/cmr/m/n on input line 34.
LaTeX Font Info:    ... okay on input line 34.
LaTeX Font Info:    Checking defaults for PD1/pdf/m/n on input line 34.
LaTeX Font Info:    ... okay on input line 34.
\AtBeginShipoutBox=\box26
Package hyperref Info: Link coloring OFF on input line 34.

(/usr/share/texlive/texmf-dist/tex/latex/hyperref/nameref.sty
Package: nameref 2012/10/27 v2.43 Cross-referencing by name of section

(/usr/share/texlive/texmf-dist/tex/generic/oberdiek/gettitlestring.sty
Package: gettitlestring 2010/12/03 v1.4 Cleanup title references (HO)
)
\c@section@level=\count97
)
LaTeX Info: Redefining \ref on input line 34.
LaTeX Info: Redefining \pageref on input line 34.
LaTeX Info: Redefining \nameref on input line 34.

(./ConstitutionFinal.out) (./ConstitutionFinal.out)
\@outlinefile=\write3
\openout3 = `ConstitutionFinal.out'.

LaTeX Font Info:    External font `cmex10' loaded for size
(Font)              <14.4> on input line 36.
LaTeX Font Info:    External font `cmex10' loaded for size
(Font)              <7> on input line 36.


LaTeX Warning: No \author given.

[1

{/usr/share/texlive/texmf-var/fonts/map/pdftex/updmap/pdftex.map}]pdfTeX warnin
g (ext4): destination with the same identifier (name{page.}) has been already u
sed, duplicate ignored
<to be read again> 
                   \relax 
l.45 \clearpage
               {} [2

] (./ConstitutionFinal.toc
LaTeX Font Info:    External font `cmex10' loaded for size
(Font)              <12> on input line 7.
LaTeX Font Info:    External font `cmex10' loaded for size
(Font)              <8> on input line 7.
LaTeX Font Info:    External font `cmex10' loaded for size
(Font)              <6> on input line 7.
 [1

])
\tf@toc=\write4
\openout4 = `ConstitutionFinal.toc'.

 [2] [1

] [2]
LaTeX Font Info:    Try loading font information for OMS+cmr on input line 161.


(/usr/share/texlive/texmf-dist/tex/latex/base/omscmr.fd
File: omscmr.fd 1999/05/25 v2.5h Standard LaTeX font definitions
)
LaTeX Font Info:    Font shape `OMS/cmr/m/n' in size <12> not available
(Font)              Font shape `OMS/cmsy/m/n' tried instead on input line 161.
 [3]pdfTeX warning (ext4): destination with the same identifier (name{subsectio
n.0.1}) has been already used, duplicate ignored
<to be read again> 
                   \relax 
l.188 \subsection{The Officers}
                                [4]pdfTeX warning (ext4): destination with the 
same identifier (name{subsection.0.2}) has been already used, duplicate ignored

<to be read again> 
                   \relax 
l.214 \subsection{Nominations and Elections}
                                             [5] [6]pdfTeX warning (ext4): dest
ination with the same identifier (name{subsection.0.3}) has been already used, 
duplicate ignored
<to be read again> 
                   \relax 
l.263 \subsection{The Office of the President}
                                               [7]pdfTeX warning (ext4): destin
ation with the same identifier (name{subsection.0.4}) has been already used, du
plicate ignored
<to be read again> 
                   \relax 
l.274 ...section{The Office of the Vice President}
                                                  pdfTeX warning (ext4): destin
ation with the same identifier (name{subsection.0.5}) has been already used, du
plicate ignored
<to be read again> 
                   \relax 
l.283 \subsection{The Office of the Secretary}
                                              pdfTeX warning (ext4): destinatio
n with the same identifier (name{subsection.0.6}) has been already used, duplic
ate ignored
<to be read again> 
                   \relax 
l.292 \subsection{The Office of the Treasurer}
                                               [8] [9] [10]pdfTeX warning (ext4
): destination with the same identifier (name{subsection.0.1}) has been already
 used, duplicate ignored
<to be read again> 
                   \relax 
l.351 \subsection{Member Meetings}
                                  pdfTeX warning (ext4): destination with the s
ame identifier (name{subsection.0.2}) has been already used, duplicate ignored
<to be read again> 
                   \relax 
l.360 \subsection{Executive Meetings}
                                     pdfTeX warning (ext4): destination with th
e same identifier (name{subsection.0.3}) has been already used, duplicate ignor
ed
<to be read again> 
                   \relax 
l.366 \subsection{Disciplinary Meetings}
                                         [11]pdfTeX warning (ext4): destination
 with the same identifier (name{subsection.0.4}) has been already used, duplica
te ignored
<to be read again> 
                   \relax 
l.377 \subsection{Other Meetings}
                                 pdfTeX warning (ext4): destination with the sa
me identifier (name{subsection.0.1}) has been already used, duplicate ignored
<to be read again> 
                   \relax 
l.386 \subsection{Member Meetings}
                                  pdfTeX warning (ext4): destination with the s
ame identifier (name{subsection.0.2}) has been already used, duplicate ignored
<to be read again> 
                   \relax 
l.390 \subsection{Amendment Votes}
                                   [12]
Package atveryend Info: Empty hook `BeforeClearDocument' on input line 423.
 [13]
Package atveryend Info: Empty hook `AfterLastShipout' on input line 423.
 (./ConstitutionFinal.aux)
Package atveryend Info: Executing hook `AtVeryEndDocument' on input line 423.
Package atveryend Info: Executing hook `AtEndAfterFileList' on input line 423.
Package rerunfilecheck Info: File `ConstitutionFinal.out' has not changed.
(rerunfilecheck)             Checksum: BE9283F5D5BD420BD93595D32F6E84DC;3545.
Package atveryend Info: Empty hook `AtVeryVeryEnd' on input line 423.
 ) 
Here is how much of TeX's memory you used:
 4417 strings out of 495063
 66179 string characters out of 3182201
 141334 words of memory out of 3000000
 7500 multiletter control sequences out of 15000+200000
 8808 words of font info for 31 fonts, out of 3000000 for 9000
 14 hyphenation exceptions out of 8191
 29i,6n,28p,766b,379s stack positions out of 5000i,500n,10000p,200000b,50000s
</usr/share/texlive/texmf-dist/fonts/type1/public/amsfonts/cm/cmbx12.pfb></us
r/share/texlive/texmf-dist/fonts/type1/public/amsfonts/cm/cmr12.pfb></usr/share
/texlive/texmf-dist/fonts/type1/public/amsfonts/cm/cmr17.pfb></usr/share/texliv
e/texmf-dist/fonts/type1/public/amsfonts/cm/cmsy10.pfb>
Output written on ConstitutionFinal.pdf (17 pages, 88093 bytes).
PDF statistics:
 420 PDF objects out of 1000 (max. 8388607)
 393 compressed objects within 4 object streams
 118 named destinations out of 1000 (max. 500000)
 393 words of extra memory for PDF output out of 10000 (max. 10000000)

