\BOOKMARK [1][-]{section*.2}{Article I - Organization Name}{}% 1
\BOOKMARK [1][-]{section*.4}{Article II - Purpose}{}% 2
\BOOKMARK [1][-]{section*.6}{Article III - Members and Membership}{}% 3
\BOOKMARK [2][-]{subsection.0.1}{Eligibility}{section*.6}% 4
\BOOKMARK [2][-]{subsection.0.2}{Member Classes}{section*.6}% 5
\BOOKMARK [2][-]{subsection.0.3}{Member Dues}{section*.6}% 6
\BOOKMARK [2][-]{subsection.0.4}{Member Requirements}{section*.6}% 7
\BOOKMARK [2][-]{subsection.0.5}{Disciplinary Action}{section*.6}% 8
\BOOKMARK [2][-]{subsection.0.6}{Resignation}{section*.6}% 9
\BOOKMARK [1][-]{section*.17}{Article IV - Officers}{}% 10
\BOOKMARK [2][-]{subsection.0.1}{The Officers}{section*.17}% 11
\BOOKMARK [2][-]{subsection.0.2}{Nominations and Elections}{section*.17}% 12
\BOOKMARK [3][-]{subsubsection.0.2.1}{Election Timeline}{subsection.0.2}% 13
\BOOKMARK [3][-]{subsubsection.0.2.2}{Applications}{subsection.0.2}% 14
\BOOKMARK [3][-]{subsubsection.0.2.3}{Debates}{subsection.0.2}% 15
\BOOKMARK [3][-]{subsubsection.0.2.4}{Election and Votes}{subsection.0.2}% 16
\BOOKMARK [3][-]{subsubsection.0.2.5}{A Tie Vote Between Two Candidates}{subsection.0.2}% 17
\BOOKMARK [3][-]{subsubsection.0.2.6}{A Tie Vote Between Three or Four Candidates}{subsection.0.2}% 18
\BOOKMARK [3][-]{subsubsection.0.2.7}{Ties between Five or More Candidates}{subsection.0.2}% 19
\BOOKMARK [2][-]{subsection.0.3}{The Office of the President}{section*.17}% 20
\BOOKMARK [3][-]{subsubsection.0.3.1}{Purpose and Duties}{subsection.0.3}% 21
\BOOKMARK [3][-]{subsubsection.0.3.2}{Eligibility}{subsection.0.3}% 22
\BOOKMARK [2][-]{subsection.0.4}{The Office of the Vice President}{section*.17}% 23
\BOOKMARK [3][-]{subsubsection.0.4.1}{Purpose and Duties}{subsection.0.4}% 24
\BOOKMARK [3][-]{subsubsection.0.4.2}{Eligibility}{subsection.0.4}% 25
\BOOKMARK [2][-]{subsection.0.5}{The Office of the Secretary}{section*.17}% 26
\BOOKMARK [3][-]{subsubsection.0.5.1}{Purpose and Duties}{subsection.0.5}% 27
\BOOKMARK [3][-]{subsubsection.0.5.2}{Eligibility}{subsection.0.5}% 28
\BOOKMARK [2][-]{subsection.0.6}{The Office of the Treasurer}{section*.17}% 29
\BOOKMARK [3][-]{subsubsection.0.6.1}{Purpose and Duties}{subsection.0.6}% 30
\BOOKMARK [3][-]{subsubsection.0.6.2}{Eligibility}{subsection.0.6}% 31
\BOOKMARK [2][-]{subsection.0.7}{The Office of the Director}{section*.17}% 32
\BOOKMARK [3][-]{subsubsection.0.7.1}{Purpose and Duties}{subsection.0.7}% 33
\BOOKMARK [3][-]{subsubsection.0.7.2}{Eligibility}{subsection.0.7}% 34
\BOOKMARK [2][-]{subsection.0.8}{The Office of the Representative}{section*.17}% 35
\BOOKMARK [3][-]{subsubsection.0.8.1}{Purpose and Duties}{subsection.0.8}% 36
\BOOKMARK [3][-]{subsubsection.0.8.2}{Eligibility}{subsection.0.8}% 37
\BOOKMARK [1][-]{section*.40}{Article V - Advisors}{}% 38
\BOOKMARK [1][-]{section*.42}{Article VI - Meetings}{}% 39
\BOOKMARK [2][-]{subsection.0.1}{Twice Yearly Member Meetings}{section*.42}% 40
\BOOKMARK [2][-]{subsection.0.2}{Executive Meetings}{section*.42}% 41
\BOOKMARK [2][-]{subsection.0.3}{Other Meetings}{section*.42}% 42
\BOOKMARK [1][-]{section*.47}{Article VII - Removal From Office/Revoking Membership }{}% 43
\BOOKMARK [1][-]{section*.49}{Article VIII - Amendments}{}% 44
\BOOKMARK [1][-]{section*.51}{Article IX - Parliamentary Authority }{}% 45
